[debug] [2022-11-29T13:47:44.256Z] ----------------------------------------------------------------------
[debug] [2022-11-29T13:47:44.257Z] Command:       C:\Program Files\nodejs\node.exe C:\Program Files\nodejs\node_modules\firebase-tools\lib\bin\firebase.js init hosting
[debug] [2022-11-29T13:47:44.258Z] CLI Version:   11.15.0
[debug] [2022-11-29T13:47:44.258Z] Platform:      win32
[debug] [2022-11-29T13:47:44.258Z] Node Version:  v16.10.0
[debug] [2022-11-29T13:47:44.259Z] Time:          Tue Nov 29 2022 14:47:44 GMT+0100 (Central European Standard Time)
[debug] [2022-11-29T13:47:44.259Z] ----------------------------------------------------------------------
[debug] 
[debug] [2022-11-29T13:47:44.266Z] > command requires scopes: ["email","openid","https://www.googleapis.com/auth/cloudplatformprojects.readonly","https://www.googleapis.com/auth/firebase","https://www.googleapis.com/auth/cloud-platform"]
[debug] [2022-11-29T13:47:44.266Z] > authorizing via signed-in user (pilot0shevchuk@gmail.com)
[info] 
     ######## #### ########  ######## ########     ###     ######  ########
     ##        ##  ##     ## ##       ##     ##  ##   ##  ##       ##
     ######    ##  ########  ######   ########  #########  ######  ######
     ##        ##  ##    ##  ##       ##     ## ##     ##       ## ##
     ##       #### ##     ## ######## ########  ##     ##  ######  ########

You're about to initialize a Firebase project in this directory:

  Z:\React lections\memento

[info] 
=== Project Setup
[info] 
[info] First, let's associate this project directory with a Firebase project.
[info] You can create multiple project aliases by running firebase use --add, 
[info] but for now we'll just set up a default project.
[info] 
[info] i  If you want to create a project in a Google Cloud organization or folder, please use "firebase projects:create" instead, and return to this command when you've created the project. 
[debug] [2022-11-29T13:48:22.236Z] >>> [apiv2][query] POST https://cloudresourcemanager.googleapis.com/v1/projects [none]
[debug] [2022-11-29T13:48:22.237Z] >>> [apiv2][body] POST https://cloudresourcemanager.googleapis.com/v1/projects {"projectId":"Memento","name":"Memento"}
[debug] [2022-11-29T13:48:23.058Z] <<< [apiv2][status] POST https://cloudresourcemanager.googleapis.com/v1/projects 400
[debug] [2022-11-29T13:48:23.058Z] <<< [apiv2][body] POST https://cloudresourcemanager.googleapis.com/v1/projects {"error":{"code":400,"message":"field [project_id] has issue [project_id contains invalid characters]","status":"INVALID_ARGUMENT","details":[{"@type":"type.googleapis.com/google.rpc.BadRequest","fieldViolations":[{"field":"project_id","description":"project_id contains invalid characters"}]},{"@type":"type.googleapis.com/google.rpc.Help","links":[{"url":"https://cloud.google.com/resource-manager/reference/rest/v1/projects"}]}]}}
[debug] [2022-11-29T13:48:23.208Z] FirebaseError: HTTP Error: 400, field [project_id] has issue [project_id contains invalid characters]
    at responseToError (C:\Users\pilot\AppData\Roaming\nvm\v16.10.0\node_modules\firebase-tools\lib\responseToError.js:49:12)
    at RetryOperation._fn (C:\Users\pilot\AppData\Roaming\nvm\v16.10.0\node_modules\firebase-tools\lib\apiv2.js:288:77)
    at processTicksAndRejections (node:internal/process/task_queues:96:5)
[error] 
[error] Error: Failed to create project. See firebase-debug.log for more info.
[debug] [2022-11-29T13:48:38.685Z] ----------------------------------------------------------------------
[debug] [2022-11-29T13:48:38.687Z] Command:       C:\Program Files\nodejs\node.exe C:\Program Files\nodejs\node_modules\firebase-tools\lib\bin\firebase.js init hosting
[debug] [2022-11-29T13:48:38.688Z] CLI Version:   11.15.0
[debug] [2022-11-29T13:48:38.688Z] Platform:      win32
[debug] [2022-11-29T13:48:38.688Z] Node Version:  v16.10.0
[debug] [2022-11-29T13:48:38.688Z] Time:          Tue Nov 29 2022 14:48:38 GMT+0100 (Central European Standard Time)
[debug] [2022-11-29T13:48:38.689Z] ----------------------------------------------------------------------
[debug] 
[debug] [2022-11-29T13:48:38.695Z] > command requires scopes: ["email","openid","https://www.googleapis.com/auth/cloudplatformprojects.readonly","https://www.googleapis.com/auth/firebase","https://www.googleapis.com/auth/cloud-platform"]
[debug] [2022-11-29T13:48:38.696Z] > authorizing via signed-in user (pilot0shevchuk@gmail.com)
[info] 
     ######## #### ########  ######## ########     ###     ######  ########
     ##        ##  ##     ## ##       ##     ##  ##   ##  ##       ##
     ######    ##  ########  ######   ########  #########  ######  ######
     ##        ##  ##    ##  ##       ##     ## ##     ##       ## ##
     ##       #### ##     ## ######## ########  ##     ##  ######  ########

You're about to initialize a Firebase project in this directory:

  Z:\React lections\memento

[info] 
=== Project Setup
[info] 
[info] First, let's associate this project directory with a Firebase project.
[info] You can create multiple project aliases by running firebase use --add, 
[info] but for now we'll just set up a default project.
[info] 
[info] i  If you want to create a project in a Google Cloud organization or folder, please use "firebase projects:create" instead, and return to this command when you've created the project. 
[debug] [2022-11-29T13:51:17.816Z] >>> [apiv2][query] POST https://cloudresourcemanager.googleapis.com/v1/projects [none]
[debug] [2022-11-29T13:51:17.817Z] >>> [apiv2][body] POST https://cloudresourcemanager.googleapis.com/v1/projects {"projectId":"react-memento","name":"react-memento"}
[debug] [2022-11-29T13:51:18.194Z] <<< [apiv2][status] POST https://cloudresourcemanager.googleapis.com/v1/projects 409
[debug] [2022-11-29T13:51:18.195Z] <<< [apiv2][body] POST https://cloudresourcemanager.googleapis.com/v1/projects {"error":{"code":409,"message":"Requested entity already exists","status":"ALREADY_EXISTS"}}
[debug] [2022-11-29T13:51:18.345Z] FirebaseError: HTTP Error: 409, Requested entity already exists
    at responseToError (C:\Users\pilot\AppData\Roaming\nvm\v16.10.0\node_modules\firebase-tools\lib\responseToError.js:49:12)
    at RetryOperation._fn (C:\Users\pilot\AppData\Roaming\nvm\v16.10.0\node_modules\firebase-tools\lib\apiv2.js:288:77)
    at processTicksAndRejections (node:internal/process/task_queues:96:5)
[error] 
[error] Error: Failed to create project because there is already a project with ID react-memento. Please try again with a unique project ID.
[debug] [2022-11-29T13:51:59.571Z] ----------------------------------------------------------------------
[debug] [2022-11-29T13:51:59.573Z] Command:       C:\Program Files\nodejs\node.exe C:\Program Files\nodejs\node_modules\firebase-tools\lib\bin\firebase.js init hosting
[debug] [2022-11-29T13:51:59.573Z] CLI Version:   11.15.0
[debug] [2022-11-29T13:51:59.573Z] Platform:      win32
[debug] [2022-11-29T13:51:59.573Z] Node Version:  v16.10.0
[debug] [2022-11-29T13:51:59.574Z] Time:          Tue Nov 29 2022 14:51:59 GMT+0100 (Central European Standard Time)
[debug] [2022-11-29T13:51:59.574Z] ----------------------------------------------------------------------
[debug] 
[debug] [2022-11-29T13:51:59.580Z] > command requires scopes: ["email","openid","https://www.googleapis.com/auth/cloudplatformprojects.readonly","https://www.googleapis.com/auth/firebase","https://www.googleapis.com/auth/cloud-platform"]
[debug] [2022-11-29T13:51:59.581Z] > authorizing via signed-in user (pilot0shevchuk@gmail.com)
[info] 
     ######## #### ########  ######## ########     ###     ######  ########
     ##        ##  ##     ## ##       ##     ##  ##   ##  ##       ##
     ######    ##  ########  ######   ########  #########  ######  ######
     ##        ##  ##    ##  ##       ##     ## ##     ##       ## ##
     ##       #### ##     ## ######## ########  ##     ##  ######  ########

You're about to initialize a Firebase project in this directory:

  Z:\React lections\memento

[info] 
=== Project Setup
[info] 
[info] First, let's associate this project directory with a Firebase project.
[info] You can create multiple project aliases by running firebase use --add, 
[info] but for now we'll just set up a default project.
[info] 
[info] i  If you want to create a project in a Google Cloud organization or folder, please use "firebase projects:create" instead, and return to this command when you've created the project. 
[debug] [2022-11-29T13:52:25.782Z] >>> [apiv2][query] POST https://cloudresourcemanager.googleapis.com/v1/projects [none]
[debug] [2022-11-29T13:52:25.783Z] >>> [apiv2][body] POST https://cloudresourcemanager.googleapis.com/v1/projects {"projectId":"react-memento-ceed2","name":"react-memento"}
[debug] [2022-11-29T13:52:26.768Z] <<< [apiv2][status] POST https://cloudresourcemanager.googleapis.com/v1/projects 200
[debug] [2022-11-29T13:52:26.768Z] <<< [apiv2][body] POST https://cloudresourcemanager.googleapis.com/v1/projects {"name":"operations/cp.6141971964042027919"}
[debug] [2022-11-29T13:52:26.771Z] >>> [apiv2][query] GET https://cloudresourcemanager.googleapis.com/v1/operations/cp.6141971964042027919 [none]
[debug] [2022-11-29T13:52:27.231Z] <<< [apiv2][status] GET https://cloudresourcemanager.googleapis.com/v1/operations/cp.6141971964042027919 200
[debug] [2022-11-29T13:52:27.231Z] <<< [apiv2][body] GET https://cloudresourcemanager.googleapis.com/v1/operations/cp.6141971964042027919 {"name":"operations/cp.6141971964042027919"}
[debug] [2022-11-29T13:52:27.736Z] [Project Creation Poller] Retrying task index 0
[debug] [2022-11-29T13:52:27.737Z] >>> [apiv2][query] GET https://cloudresourcemanager.googleapis.com/v1/operations/cp.6141971964042027919 [none]
[debug] [2022-11-29T13:52:28.614Z] <<< [apiv2][status] GET https://cloudresourcemanager.googleapis.com/v1/operations/cp.6141971964042027919 200
[debug] [2022-11-29T13:52:28.614Z] <<< [apiv2][body] GET https://cloudresourcemanager.googleapis.com/v1/operations/cp.6141971964042027919 {"name":"operations/cp.6141971964042027919","metadata":{"@type":"type.googleapis.com/google.cloudresourcemanager.v1.ProjectCreationStatus","gettable":true}}
[debug] [2022-11-29T13:52:29.623Z] [Project Creation Poller] Retrying task index 0
[debug] [2022-11-29T13:52:29.623Z] >>> [apiv2][query] GET https://cloudresourcemanager.googleapis.com/v1/operations/cp.6141971964042027919 [none]
[debug] [2022-11-29T13:52:30.533Z] <<< [apiv2][status] GET https://cloudresourcemanager.googleapis.com/v1/operations/cp.6141971964042027919 200
[debug] [2022-11-29T13:52:30.533Z] <<< [apiv2][body] GET https://cloudresourcemanager.googleapis.com/v1/operations/cp.6141971964042027919 {"name":"operations/cp.6141971964042027919","metadata":{"@type":"type.googleapis.com/google.cloudresourcemanager.v1.ProjectCreationStatus","gettable":true,"ready":true},"done":true,"response":{"@type":"type.googleapis.com/google.cloudresourcemanager.v1.Project","projectNumber":"782012390266","projectId":"react-memento-ceed2","lifecycleState":"ACTIVE","name":"react-memento","createTime":"2022-11-29T13:52:27.011Z"}}
[debug] [2022-11-29T13:52:30.536Z] >>> [apiv2][query] POST https://firebase.googleapis.com/v1beta1/projects/react-memento-ceed2:addFirebase [none]
[debug] [2022-11-29T13:52:33.788Z] <<< [apiv2][status] POST https://firebase.googleapis.com/v1beta1/projects/react-memento-ceed2:addFirebase 200
[debug] [2022-11-29T13:52:33.789Z] <<< [apiv2][body] POST https://firebase.googleapis.com/v1beta1/projects/react-memento-ceed2:addFirebase {"name":"operations/workflows/NTUxZjAwM2EtZGIyNy00YjBjLWExODEtYjE1ODNjMGQ0ZjVh"}
[debug] [2022-11-29T13:52:33.789Z] >>> [apiv2][query] GET https://firebase.googleapis.com/v1beta1/operations/workflows/NTUxZjAwM2EtZGIyNy00YjBjLWExODEtYjE1ODNjMGQ0ZjVh [none]
[debug] [2022-11-29T13:52:34.420Z] <<< [apiv2][status] GET https://firebase.googleapis.com/v1beta1/operations/workflows/NTUxZjAwM2EtZGIyNy00YjBjLWExODEtYjE1ODNjMGQ0ZjVh 200
[debug] [2022-11-29T13:52:34.421Z] <<< [apiv2][body] GET https://firebase.googleapis.com/v1beta1/operations/workflows/NTUxZjAwM2EtZGIyNy00YjBjLWExODEtYjE1ODNjMGQ0ZjVh {"name":"operations/workflows/NTUxZjAwM2EtZGIyNy00YjBjLWExODEtYjE1ODNjMGQ0ZjVh"}
[debug] [2022-11-29T13:52:34.927Z] [Add Firebase Poller] Retrying task index 0
[debug] [2022-11-29T13:52:34.929Z] >>> [apiv2][query] GET https://firebase.googleapis.com/v1beta1/operations/workflows/NTUxZjAwM2EtZGIyNy00YjBjLWExODEtYjE1ODNjMGQ0ZjVh [none]
[debug] [2022-11-29T13:52:35.600Z] <<< [apiv2][status] GET https://firebase.googleapis.com/v1beta1/operations/workflows/NTUxZjAwM2EtZGIyNy00YjBjLWExODEtYjE1ODNjMGQ0ZjVh 200
[debug] [2022-11-29T13:52:35.601Z] <<< [apiv2][body] GET https://firebase.googleapis.com/v1beta1/operations/workflows/NTUxZjAwM2EtZGIyNy00YjBjLWExODEtYjE1ODNjMGQ0ZjVh {"name":"operations/workflows/NTUxZjAwM2EtZGIyNy00YjBjLWExODEtYjE1ODNjMGQ0ZjVh"}
[debug] [2022-11-29T13:52:36.602Z] [Add Firebase Poller] Retrying task index 0
[debug] [2022-11-29T13:52:36.603Z] >>> [apiv2][query] GET https://firebase.googleapis.com/v1beta1/operations/workflows/NTUxZjAwM2EtZGIyNy00YjBjLWExODEtYjE1ODNjMGQ0ZjVh [none]
[debug] [2022-11-29T13:52:37.310Z] <<< [apiv2][status] GET https://firebase.googleapis.com/v1beta1/operations/workflows/NTUxZjAwM2EtZGIyNy00YjBjLWExODEtYjE1ODNjMGQ0ZjVh 200
[debug] [2022-11-29T13:52:37.310Z] <<< [apiv2][body] GET https://firebase.googleapis.com/v1beta1/operations/workflows/NTUxZjAwM2EtZGIyNy00YjBjLWExODEtYjE1ODNjMGQ0ZjVh {"name":"operations/workflows/NTUxZjAwM2EtZGIyNy00YjBjLWExODEtYjE1ODNjMGQ0ZjVh"}
[debug] [2022-11-29T13:52:39.310Z] [Add Firebase Poller] Retrying task index 0
[debug] [2022-11-29T13:52:39.311Z] >>> [apiv2][query] GET https://firebase.googleapis.com/v1beta1/operations/workflows/NTUxZjAwM2EtZGIyNy00YjBjLWExODEtYjE1ODNjMGQ0ZjVh [none]
[debug] [2022-11-29T13:52:40.222Z] <<< [apiv2][status] GET https://firebase.googleapis.com/v1beta1/operations/workflows/NTUxZjAwM2EtZGIyNy00YjBjLWExODEtYjE1ODNjMGQ0ZjVh 200
[debug] [2022-11-29T13:52:40.222Z] <<< [apiv2][body] GET https://firebase.googleapis.com/v1beta1/operations/workflows/NTUxZjAwM2EtZGIyNy00YjBjLWExODEtYjE1ODNjMGQ0ZjVh {"name":"operations/workflows/NTUxZjAwM2EtZGIyNy00YjBjLWExODEtYjE1ODNjMGQ0ZjVh"}
[debug] [2022-11-29T13:52:44.225Z] [Add Firebase Poller] Retrying task index 0
[debug] [2022-11-29T13:52:44.226Z] >>> [apiv2][query] GET https://firebase.googleapis.com/v1beta1/operations/workflows/NTUxZjAwM2EtZGIyNy00YjBjLWExODEtYjE1ODNjMGQ0ZjVh [none]
[debug] [2022-11-29T13:52:45.139Z] <<< [apiv2][status] GET https://firebase.googleapis.com/v1beta1/operations/workflows/NTUxZjAwM2EtZGIyNy00YjBjLWExODEtYjE1ODNjMGQ0ZjVh 200
[debug] [2022-11-29T13:52:45.140Z] <<< [apiv2][body] GET https://firebase.googleapis.com/v1beta1/operations/workflows/NTUxZjAwM2EtZGIyNy00YjBjLWExODEtYjE1ODNjMGQ0ZjVh {"name":"operations/workflows/NTUxZjAwM2EtZGIyNy00YjBjLWExODEtYjE1ODNjMGQ0ZjVh","done":true,"response":{"@type":"type.googleapis.com/google.firebase.service.v1beta1.FirebaseProject","projectId":"react-memento-ceed2","projectNumber":"782012390266","displayName":"react-memento","name":"projects/react-memento-ceed2","resources":{"hostingSite":"react-memento-ceed2"}}}
[info] 
[info] === Your Firebase project is ready! ===
[info] 
[info] Project information:
[info]    - Project ID: react-memento-ceed2
[info]    - Project Name: react-memento
[info] 
[info] Firebase console is available at
[info] https://console.firebase.google.com/project/react-memento-ceed2/overview
[info] i  Using project react-memento-ceed2 (react-memento) 
[info] 
=== Hosting Setup
[info] 
[info] Your public directory is the folder (relative to your project directory) that
[info] will contain Hosting assets to be uploaded with firebase deploy. If you
[info] have a build process for your assets, use your build's output directory.
[info] 
[debug] [2022-11-29T13:53:26.526Z] >>> [apiv2][query] GET https://www.gstatic.com/firebasejs/releases.json [none]
[debug] [2022-11-29T13:53:26.680Z] <<< [apiv2][status] GET https://www.gstatic.com/firebasejs/releases.json 200
[debug] [2022-11-29T13:53:26.680Z] <<< [apiv2][body] GET https://www.gstatic.com/firebasejs/releases.json {"current":{"version":"9.14.0","browserURL":"https://www.gstatic.com/firebasejs/9.14.0/firebase.js","packageURL":"https://www.gstatic.com/firebasejs/9.14.0/firebase.tgz"},"live":{"version":"9.14","browserURL":"https://www.gstatic.com/firebasejs/live/9.14/firebase.js","packageURL":"https://www.gstatic.com/firebasejs/live/9.14/firebase.tgz"},"components":{"analytics":"https://www.gstatic.com/firebasejs/9.14.0/firebase-analytics.js","app":"https://www.gstatic.com/firebasejs/9.14.0/firebase-app.js","app-check":"https://www.gstatic.com/firebasejs/9.14.0/firebase-app-check.js","auth":"https://www.gstatic.com/firebasejs/9.14.0/firebase-auth.js","auth/cordova":"https://www.gstatic.com/firebasejs/9.14.0/firebase-auth/cordova.js","auth/react-native":"https://www.gstatic.com/firebasejs/9.14.0/firebase-auth/react-native.js","functions":"https://www.gstatic.com/firebasejs/9.14.0/firebase-functions.js","firestore":"https://www.gstatic.com/firebasejs/9.14.0/firebase-firestore.js","firestore/lite":"https://www.gstatic.com/firebasejs/9.14.0/firebase-firestore/lite.js","installations":"https://www.gstatic.com/firebasejs/9.14.0/firebase-installations.js","storage":"https://www.gstatic.com/firebasejs/9.14.0/firebase-storage.js","performance":"https://www.gstatic.com/firebasejs/9.14.0/firebase-performance.js","remote-config":"https://www.gstatic.com/firebasejs/9.14.0/firebase-remote-config.js","messaging":"https://www.gstatic.com/firebasejs/9.14.0/firebase-messaging.js","messaging/sw":"https://www.gstatic.com/firebasejs/9.14.0/firebase-messaging/sw.js","database":"https://www.gstatic.com/firebasejs/9.14.0/firebase-database.js","firestore.memory":"https://www.gstatic.com/firebasejs/9.14.0/firebase-firestore.memory.js"}}
[info] +  Wrote build/index.html 
[info] 
[info] i  Detected a .git folder at Z:\React lections\memento 
[info] i  Authorizing with GitHub to upload your service account to a GitHub repository's secrets store. 
[info] 
[info] Visit this URL on this device to log in:
[info] https://github.com/login/oauth/authorize?client_id=89cf50f02ac6aaed3484&state=164024033&redirect_uri=http%3A%2F%2Flocalhost%3A9005&scope=read%3Auser%20repo%20public_repo
[info] 
[info] Waiting for authentication...
[debug] [2022-11-29T13:53:39.993Z] >>> [apiv2][query] POST https://github.com/login/oauth/access_token [none]
[debug] [2022-11-29T13:53:39.994Z] >>> [apiv2][body] POST https://github.com/login/oauth/access_token [stream]
[debug] [2022-11-29T13:53:40.379Z] <<< [apiv2][status] POST https://github.com/login/oauth/access_token 200
[debug] [2022-11-29T13:53:40.380Z] <<< [apiv2][body] POST https://github.com/login/oauth/access_token {"access_token":"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","token_type":"bearer","scope":"read:user,repo"}
[debug] [2022-11-29T13:53:40.402Z] >>> [apiv2][query] GET https://api.github.com/user [none]
[debug] [2022-11-29T13:53:40.822Z] <<< [apiv2][status] GET https://api.github.com/user 200
[debug] [2022-11-29T13:53:40.822Z] <<< [apiv2][body] GET https://api.github.com/user {"login":"agrodev2097","id":78559346,"node_id":"MDQ6VXNlcjc4NTU5MzQ2","avatar_url":"https://avatars.githubusercontent.com/u/78559346?v=4","gravatar_id":"","url":"https://api.github.com/users/agrodev2097","html_url":"https://github.com/agrodev2097","followers_url":"https://api.github.com/users/agrodev2097/followers","following_url":"https://api.github.com/users/agrodev2097/following{/other_user}","gists_url":"https://api.github.com/users/agrodev2097/gists{/gist_id}","starred_url":"https://api.github.com/users/agrodev2097/starred{/owner}{/repo}","subscriptions_url":"https://api.github.com/users/agrodev2097/subscriptions","organizations_url":"https://api.github.com/users/agrodev2097/orgs","repos_url":"https://api.github.com/users/agrodev2097/repos","events_url":"https://api.github.com/users/agrodev2097/events{/privacy}","received_events_url":"https://api.github.com/users/agrodev2097/received_events","type":"User","site_admin":false,"name":"Artem Shevchuk","company":null,"blog":"","location":null,"email":null,"hireable":null,"bio":null,"twitter_username":null,"public_repos":4,"public_gists":0,"followers":0,"following":0,"created_at":"2021-02-04T17:58:36Z","updated_at":"2022-09-04T12:00:30Z","private_gists":0,"total_private_repos":0,"owned_private_repos":0,"disk_usage":1155,"collaborators":0,"two_factor_authentication":false,"plan":{"name":"free","space":976562499,"collaborators":0,"private_repos":10000}}
[info] 
[info] +  Success! Logged into GitHub as agrodev2097 
[info] 
